[0m2021.02.10 08:56:28 INFO  Started: Metals version 0.9.10 in workspace '/home/jerry/covid-analysis-1' for client vscode 1.51.1.[0m
[0m2021.02.10 08:56:31 INFO  time: initialize in 2.61s[0m
[0m2021.02.10 08:56:33 WARN  Build server is not auto-connectable.[0m
[0m2021.02.10 08:56:33 WARN  no build tool detected in workspace '/home/jerry/covid-analysis-1'. The most common cause for this problem is that the editor was opened in the wrong working directory, for example if you use sbt then the workspace directory should contain build.sbt. [0m
[0m2021.02.10 08:56:37 INFO  no build target: using presentation compiler with only scala-library[0m
[0m2021.02.10 08:56:40 WARN  no build target for: /home/jerry/covid-analysis-1/twitter-general/hashtag-count-comparison/src/test/scala/RunnerSpec.scala[0m
[0m2021.02.10 08:56:40 WARN  no build target for: /home/jerry/covid-analysis-1/twitter-general/tweet-covid19-words/src/main/scala/WordCount.scala[0m
Feb 10, 2021 8:56:40 AM org.eclipse.lsp4j.jsonrpc.RemoteEndpoint handleCancellation
WARNING: Unmatched cancel notification for request id 4
[0m2021.02.10 08:58:57 WARN  no build target for: /home/jerry/covid-analysis-1/twitter-general/tweet-covid19-words/src/main/scala/Runner.scala[0m
[0m2021.02.10 08:59:02 WARN  no build target for: /home/jerry/covid-analysis-1/twitter-general/tweet-covid19-words/src/test/scala/WordCountSpec.scala[0m
[0m2021.02.10 08:59:28 WARN  no build target for: /home/jerry/covid-analysis-1/twitter-general/tweet-covid19-words/src/main/scala/WordCount.scala[0m
[0m2021.02.10 09:00:49 WARN  no build target for: /home/jerry/covid-analysis-1/twitter-general/tweet-covid19-words/src/test/scala/WordCountSpec.scala[0m
[0m2021.02.10 09:00:53 WARN  no build target for: /home/jerry/covid-analysis-1/twitter-general/tweet-covid19-words/src/main/scala/WordCount.scala[0m
[0m2021.02.10 09:01:33 WARN  no build target for: /home/jerry/covid-analysis-1/twitter-general/tweet-covid19-words/src/main/scala/Runner.scala[0m
[0m2021.02.10 09:01:46 WARN  no build target for: /home/jerry/covid-analysis-1/twitter-general/tweet-covid19-words/src/main/scala/WordCount.scala[0m
[0m2021.02.10 09:02:02 WARN  no build target for: /home/jerry/covid-analysis-1/twitter-general/hashtag-count-comparison/src/main/scala/Runner.scala[0m
Feb 10, 2021 9:02:02 AM org.eclipse.lsp4j.jsonrpc.RemoteEndpoint handleCancellation
WARNING: Unmatched cancel notification for request id 58
[0m2021.02.10 09:02:06 WARN  no build target for: /home/jerry/covid-analysis-1/twitter-general/hashtag-count-comparison/src/main/scala/Runner.scala[0m
[0m2021.02.10 09:02:18 WARN  no build target for: /home/jerry/covid-analysis-1/twitter-general/hashtag-count-comparison/src/main/scala/Runner.scala[0m
Feb 10, 2021 9:02:24 AM org.eclipse.lsp4j.jsonrpc.services.GenericEndpoint notify
INFO: Unsupported notification method: $/setTraceNotification
[0m2021.02.10 09:05:31 WARN  no build target for: /home/jerry/covid-analysis-1/twitter-general/hashtag-count-comparison/src/main/scala/Runner.scala[0m
[0m2021.02.10 09:05:40 WARN  no build target for: /home/jerry/covid-analysis-1/twitter-general/hashtag-count-comparison/src/main/scala/Runner.scala[0m
[0m2021.02.10 09:05:41 WARN  no build target for: /home/jerry/covid-analysis-1/twitter-general/hashtag-count-comparison/src/main/scala/Runner.scala[0m
